  NS.cpp
c:\users\nv\source\repos\baitapne\baitapne\ns.cpp(10): warning C4244: '=': conversion from 'LONG' to 'float', possible loss of data
c:\users\nv\source\repos\baitapne\baitapne\ns.cpp(11): warning C4244: '=': conversion from 'LONG' to 'float', possible loss of data
c:\users\nv\source\repos\baitapne\baitapne\ns.cpp(12): warning C4244: '=': conversion from 'LONG' to 'float', possible loss of data
c:\users\nv\source\repos\baitapne\baitapne\ns.cpp(13): warning C4244: '=': conversion from 'LONG' to 'float', possible loss of data
c:\users\nv\source\repos\baitapne\baitapne\ns.cpp(21): warning C4244: '=': conversion from 'double' to 'float', possible loss of data
c:\users\nv\source\repos\baitapne\baitapne\ns.cpp(27): warning C4244: '=': conversion from 'int' to 'float', possible loss of data
c:\users\nv\source\repos\baitapne\baitapne\ns.cpp(28): warning C4244: '=': conversion from 'int' to 'float', possible loss of data
c:\users\nv\source\repos\baitapne\baitapne\ns.cpp(29): warning C4244: '=': conversion from 'int' to 'float', possible loss of data
c:\users\nv\source\repos\baitapne\baitapne\ns.cpp(30): warning C4244: '=': conversion from 'int' to 'float', possible loss of data
c:\users\nv\source\repos\baitapne\baitapne\ns.cpp(34): warning C4244: '=': conversion from 'int' to 'float', possible loss of data
c:\users\nv\source\repos\baitapne\baitapne\ns.cpp(35): warning C4244: '=': conversion from 'int' to 'float', possible loss of data
c:\users\nv\source\repos\baitapne\baitapne\ns.cpp(39): warning C4244: 'argument': conversion from 'float' to 'int', possible loss of data
c:\users\nv\source\repos\baitapne\baitapne\ns.cpp(40): warning C4244: 'argument': conversion from 'float' to 'int', possible loss of data
c:\users\nv\source\repos\baitapne\baitapne\ns.cpp(41): warning C4244: 'argument': conversion from 'float' to 'int', possible loss of data
c:\users\nv\source\repos\baitapne\baitapne\ns.cpp(42): warning C4244: 'argument': conversion from 'float' to 'int', possible loss of data
c:\users\nv\source\repos\baitapne\baitapne\ns.cpp(43): warning C4244: 'argument': conversion from 'float' to 'int', possible loss of data
c:\users\nv\source\repos\baitapne\baitapne\ns.cpp(44): warning C4244: 'argument': conversion from 'float' to 'int', possible loss of data
c:\users\nv\source\repos\baitapne\baitapne\ns.cpp(45): warning C4244: 'argument': conversion from 'float' to 'int', possible loss of data
c:\users\nv\source\repos\baitapne\baitapne\ns.cpp(46): warning C4244: 'argument': conversion from 'float' to 'int', possible loss of data
c:\users\nv\source\repos\baitapne\baitapne\ns.cpp(47): warning C4244: 'argument': conversion from 'float' to 'int', possible loss of data
c:\users\nv\source\repos\baitapne\baitapne\ns.cpp(48): warning C4244: 'argument': conversion from 'float' to 'int', possible loss of data
  baitapne.cpp
  baitapneView.cpp
  dongxu.cpp
c:\users\nv\source\repos\baitapne\baitapne\dongxu.cpp(18): warning C4244: '=': conversion from 'double' to 'int', possible loss of data
c:\users\nv\source\repos\baitapne\baitapne\dongxu.cpp(57): warning C4244: '=': conversion from 'double' to 'float', possible loss of data
c:\users\nv\source\repos\baitapne\baitapne\dongxu.cpp(65): warning C4244: '=': conversion from 'double' to 'int', possible loss of data
c:\users\nv\source\repos\baitapne\baitapne\dongxu.cpp(66): warning C4244: 'return': conversion from 'int' to 'float', possible loss of data
  hinh.cpp
  hinhcn.cpp
c:\users\nv\source\repos\baitapne\baitapne\hinhcn.cpp(50): warning C4244: '=': conversion from 'int' to 'float', possible loss of data
c:\users\nv\source\repos\baitapne\baitapne\hinhcn.cpp(56): warning C4244: '=': conversion from 'int' to 'float', possible loss of data
  hinhtron.cpp
c:\users\nv\source\repos\baitapne\baitapne\hinhtron.cpp(14): warning C4244: '=': conversion from 'double' to 'int', possible loss of data
c:\users\nv\source\repos\baitapne\baitapne\hinhtron.cpp(44): warning C4244: '=': conversion from 'double' to 'float', possible loss of data
c:\users\nv\source\repos\baitapne\baitapne\hinhtron.cpp(51): warning C4244: '=': conversion from 'double' to 'int', possible loss of data
c:\users\nv\source\repos\baitapne\baitapne\hinhtron.cpp(52): warning C4244: 'return': conversion from 'int' to 'float', possible loss of data
  hinhvuong.cpp
c:\users\nv\source\repos\baitapne\baitapne\hinhvuong.cpp(11): warning C4244: '=': conversion from 'double' to 'int', possible loss of data
c:\users\nv\source\repos\baitapne\baitapne\hinhvuong.cpp(16): warning C4244: '=': conversion from 'double' to 'int', possible loss of data
c:\users\nv\source\repos\baitapne\baitapne\hinhvuong.cpp(55): warning C4244: '=': conversion from 'int' to 'float', possible loss of data
c:\users\nv\source\repos\baitapne\baitapne\hinhvuong.cpp(61): warning C4244: '=': conversion from 'int' to 'float', possible loss of data
  nut.cpp
  tamgiac.cpp
c:\users\nv\source\repos\baitapne\baitapne\tamgiac.cpp(69): warning C4244: '=': conversion from 'double' to 'float', possible loss of data
  Generating Code...
  baitapne.vcxproj -> C:\Users\NV\source\repos\baitapne\Debug\baitapne.exe
